<?xml version="1.0" encoding="UTF-8"?>
<testsuite xmlns:xsi="http://www.w3.org/2001/XMLSchema-instance" xsi:noNamespaceSchemaLocation="https://maven.apache.org/surefire/maven-surefire-plugin/xsd/surefire-test-report-3.0.xsd" version="3.0" name="com.uvg.digital.UvgApplicationTests" time="3.753" tests="1" errors="0" skipped="0" failures="0">
  <properties>
    <property name="java.specification.version" value="21"/>
    <property name="sun.jnu.encoding" value="UTF-8"/>
    <property name="java.class.path" value="/Users/jacksonjosefreireruiz/Desktop/Arkamedy/ticuvgpro/SBVuetify/spring-boot3-crud-application/target/test-classes:/Users/jacksonjosefreireruiz/Desktop/Arkamedy/ticuvgpro/SBVuetify/spring-boot3-crud-application/target/classes:/Users/jacksonjosefreireruiz/.m2/repository/org/springframework/boot/spring-boot-starter-web/3.3.2/spring-boot-starter-web-3.3.2.jar:/Users/jacksonjosefreireruiz/.m2/repository/org/springframework/boot/spring-boot-starter/3.3.2/spring-boot-starter-3.3.2.jar:/Users/jacksonjosefreireruiz/.m2/repository/org/springframework/boot/spring-boot/3.3.2/spring-boot-3.3.2.jar:/Users/jacksonjosefreireruiz/.m2/repository/org/springframework/boot/spring-boot-autoconfigure/3.3.2/spring-boot-autoconfigure-3.3.2.jar:/Users/jacksonjosefreireruiz/.m2/repository/org/springframework/boot/spring-boot-starter-logging/3.3.2/spring-boot-starter-logging-3.3.2.jar:/Users/jacksonjosefreireruiz/.m2/repository/ch/qos/logback/logback-classic/1.5.6/logback-classic-1.5.6.jar:/Users/jacksonjosefreireruiz/.m2/repository/ch/qos/logback/logback-core/1.5.6/logback-core-1.5.6.jar:/Users/jacksonjosefreireruiz/.m2/repository/org/apache/logging/log4j/log4j-to-slf4j/2.23.1/log4j-to-slf4j-2.23.1.jar:/Users/jacksonjosefreireruiz/.m2/repository/org/apache/logging/log4j/log4j-api/2.23.1/log4j-api-2.23.1.jar:/Users/jacksonjosefreireruiz/.m2/repository/org/slf4j/jul-to-slf4j/2.0.13/jul-to-slf4j-2.0.13.jar:/Users/jacksonjosefreireruiz/.m2/repository/jakarta/annotation/jakarta.annotation-api/2.1.1/jakarta.annotation-api-2.1.1.jar:/Users/jacksonjosefreireruiz/.m2/repository/org/yaml/snakeyaml/2.2/snakeyaml-2.2.jar:/Users/jacksonjosefreireruiz/.m2/repository/org/springframework/boot/spring-boot-starter-json/3.3.2/spring-boot-starter-json-3.3.2.jar:/Users/jacksonjosefreireruiz/.m2/repository/com/fasterxml/jackson/core/jackson-databind/2.17.2/jackson-databind-2.17.2.jar:/Users/jacksonjosefreireruiz/.m2/repository/com/fasterxml/jackson/datatype/jackson-datatype-jdk8/2.17.2/jackson-datatype-jdk8-2.17.2.jar:/Users/jacksonjosefreireruiz/.m2/repository/com/fasterxml/jackson/datatype/jackson-datatype-jsr310/2.17.2/jackson-datatype-jsr310-2.17.2.jar:/Users/jacksonjosefreireruiz/.m2/repository/com/fasterxml/jackson/module/jackson-module-parameter-names/2.17.2/jackson-module-parameter-names-2.17.2.jar:/Users/jacksonjosefreireruiz/.m2/repository/org/springframework/boot/spring-boot-starter-tomcat/3.3.2/spring-boot-starter-tomcat-3.3.2.jar:/Users/jacksonjosefreireruiz/.m2/repository/org/apache/tomcat/embed/tomcat-embed-core/10.1.26/tomcat-embed-core-10.1.26.jar:/Users/jacksonjosefreireruiz/.m2/repository/org/apache/tomcat/embed/tomcat-embed-el/10.1.26/tomcat-embed-el-10.1.26.jar:/Users/jacksonjosefreireruiz/.m2/repository/org/apache/tomcat/embed/tomcat-embed-websocket/10.1.26/tomcat-embed-websocket-10.1.26.jar:/Users/jacksonjosefreireruiz/.m2/repository/org/springframework/spring-web/6.1.11/spring-web-6.1.11.jar:/Users/jacksonjosefreireruiz/.m2/repository/org/springframework/spring-beans/6.1.11/spring-beans-6.1.11.jar:/Users/jacksonjosefreireruiz/.m2/repository/io/micrometer/micrometer-observation/1.13.2/micrometer-observation-1.13.2.jar:/Users/jacksonjosefreireruiz/.m2/repository/io/micrometer/micrometer-commons/1.13.2/micrometer-commons-1.13.2.jar:/Users/jacksonjosefreireruiz/.m2/repository/org/springframework/spring-webmvc/6.1.11/spring-webmvc-6.1.11.jar:/Users/jacksonjosefreireruiz/.m2/repository/org/springframework/spring-context/6.1.11/spring-context-6.1.11.jar:/Users/jacksonjosefreireruiz/.m2/repository/org/springframework/spring-expression/6.1.11/spring-expression-6.1.11.jar:/Users/jacksonjosefreireruiz/.m2/repository/org/springframework/boot/spring-boot-starter-data-jpa/3.3.2/spring-boot-starter-data-jpa-3.3.2.jar:/Users/jacksonjosefreireruiz/.m2/repository/org/springframework/boot/spring-boot-starter-aop/3.3.2/spring-boot-starter-aop-3.3.2.jar:/Users/jacksonjosefreireruiz/.m2/repository/org/aspectj/aspectjweaver/1.9.22.1/aspectjweaver-1.9.22.1.jar:/Users/jacksonjosefreireruiz/.m2/repository/org/springframework/boot/spring-boot-starter-jdbc/3.3.2/spring-boot-starter-jdbc-3.3.2.jar:/Users/jacksonjosefreireruiz/.m2/repository/com/zaxxer/HikariCP/5.1.0/HikariCP-5.1.0.jar:/Users/jacksonjosefreireruiz/.m2/repository/org/springframework/spring-jdbc/6.1.11/spring-jdbc-6.1.11.jar:/Users/jacksonjosefreireruiz/.m2/repository/org/hibernate/orm/hibernate-core/6.5.2.Final/hibernate-core-6.5.2.Final.jar:/Users/jacksonjosefreireruiz/.m2/repository/jakarta/persistence/jakarta.persistence-api/3.1.0/jakarta.persistence-api-3.1.0.jar:/Users/jacksonjosefreireruiz/.m2/repository/jakarta/transaction/jakarta.transaction-api/2.0.1/jakarta.transaction-api-2.0.1.jar:/Users/jacksonjosefreireruiz/.m2/repository/org/jboss/logging/jboss-logging/3.5.3.Final/jboss-logging-3.5.3.Final.jar:/Users/jacksonjosefreireruiz/.m2/repository/org/hibernate/common/hibernate-commons-annotations/6.0.6.Final/hibernate-commons-annotations-6.0.6.Final.jar:/Users/jacksonjosefreireruiz/.m2/repository/io/smallrye/jandex/3.1.2/jandex-3.1.2.jar:/Users/jacksonjosefreireruiz/.m2/repository/com/fasterxml/classmate/1.7.0/classmate-1.7.0.jar:/Users/jacksonjosefreireruiz/.m2/repository/net/bytebuddy/byte-buddy/1.14.18/byte-buddy-1.14.18.jar:/Users/jacksonjosefreireruiz/.m2/repository/org/glassfish/jaxb/jaxb-runtime/4.0.5/jaxb-runtime-4.0.5.jar:/Users/jacksonjosefreireruiz/.m2/repository/org/glassfish/jaxb/jaxb-core/4.0.5/jaxb-core-4.0.5.jar:/Users/jacksonjosefreireruiz/.m2/repository/org/glassfish/jaxb/txw2/4.0.5/txw2-4.0.5.jar:/Users/jacksonjosefreireruiz/.m2/repository/com/sun/istack/istack-commons-runtime/4.1.2/istack-commons-runtime-4.1.2.jar:/Users/jacksonjosefreireruiz/.m2/repository/jakarta/inject/jakarta.inject-api/2.0.1/jakarta.inject-api-2.0.1.jar:/Users/jacksonjosefreireruiz/.m2/repository/org/antlr/antlr4-runtime/4.13.0/antlr4-runtime-4.13.0.jar:/Users/jacksonjosefreireruiz/.m2/repository/org/springframework/data/spring-data-jpa/3.3.2/spring-data-jpa-3.3.2.jar:/Users/jacksonjosefreireruiz/.m2/repository/org/springframework/data/spring-data-commons/3.3.2/spring-data-commons-3.3.2.jar:/Users/jacksonjosefreireruiz/.m2/repository/org/springframework/spring-orm/6.1.11/spring-orm-6.1.11.jar:/Users/jacksonjosefreireruiz/.m2/repository/org/springframework/spring-tx/6.1.11/spring-tx-6.1.11.jar:/Users/jacksonjosefreireruiz/.m2/repository/org/slf4j/slf4j-api/2.0.13/slf4j-api-2.0.13.jar:/Users/jacksonjosefreireruiz/.m2/repository/org/springframework/spring-aspects/6.1.11/spring-aspects-6.1.11.jar:/Users/jacksonjosefreireruiz/.m2/repository/org/postgresql/postgresql/42.7.3/postgresql-42.7.3.jar:/Users/jacksonjosefreireruiz/.m2/repository/org/checkerframework/checker-qual/3.42.0/checker-qual-3.42.0.jar:/Users/jacksonjosefreireruiz/.m2/repository/org/springframework/boot/spring-boot-starter-security/3.3.2/spring-boot-starter-security-3.3.2.jar:/Users/jacksonjosefreireruiz/.m2/repository/org/springframework/spring-aop/6.1.11/spring-aop-6.1.11.jar:/Users/jacksonjosefreireruiz/.m2/repository/org/springframework/security/spring-security-config/6.3.1/spring-security-config-6.3.1.jar:/Users/jacksonjosefreireruiz/.m2/repository/org/springframework/security/spring-security-core/6.3.1/spring-security-core-6.3.1.jar:/Users/jacksonjosefreireruiz/.m2/repository/org/springframework/security/spring-security-crypto/6.3.1/spring-security-crypto-6.3.1.jar:/Users/jacksonjosefreireruiz/.m2/repository/org/springframework/security/spring-security-web/6.3.1/spring-security-web-6.3.1.jar:/Users/jacksonjosefreireruiz/.m2/repository/org/springframework/boot/spring-boot-starter-mail/3.3.2/spring-boot-starter-mail-3.3.2.jar:/Users/jacksonjosefreireruiz/.m2/repository/org/springframework/spring-context-support/6.1.11/spring-context-support-6.1.11.jar:/Users/jacksonjosefreireruiz/.m2/repository/org/eclipse/angus/jakarta.mail/2.0.3/jakarta.mail-2.0.3.jar:/Users/jacksonjosefreireruiz/.m2/repository/jakarta/activation/jakarta.activation-api/2.1.3/jakarta.activation-api-2.1.3.jar:/Users/jacksonjosefreireruiz/.m2/repository/org/eclipse/angus/angus-activation/2.0.2/angus-activation-2.0.2.jar:/Users/jacksonjosefreireruiz/.m2/repository/com/azure/spring/spring-cloud-azure-starter-jdbc-postgresql/5.15.0/spring-cloud-azure-starter-jdbc-postgresql-5.15.0.jar:/Users/jacksonjosefreireruiz/.m2/repository/com/azure/spring/spring-cloud-azure-starter/5.15.0/spring-cloud-azure-starter-5.15.0.jar:/Users/jacksonjosefreireruiz/.m2/repository/com/azure/spring/spring-cloud-azure-autoconfigure/5.15.0/spring-cloud-azure-autoconfigure-5.15.0.jar:/Users/jacksonjosefreireruiz/.m2/repository/com/azure/spring/spring-cloud-azure-service/5.15.0/spring-cloud-azure-service-5.15.0.jar:/Users/jacksonjosefreireruiz/.m2/repository/com/azure/spring/spring-cloud-azure-core/5.15.0/spring-cloud-azure-core-5.15.0.jar:/Users/jacksonjosefreireruiz/.m2/repository/com/azure/azure-core-amqp/2.9.7/azure-core-amqp-2.9.7.jar:/Users/jacksonjosefreireruiz/.m2/repository/com/microsoft/azure/qpid-proton-j-extensions/1.2.5/qpid-proton-j-extensions-1.2.5.jar:/Users/jacksonjosefreireruiz/.m2/repository/org/apache/qpid/proton-j/0.34.1/proton-j-0.34.1.jar:/Users/jacksonjosefreireruiz/.m2/repository/com/azure/azure-core-management/1.15.1/azure-core-management-1.15.1.jar:/Users/jacksonjosefreireruiz/.m2/repository/jakarta/validation/jakarta.validation-api/3.0.2/jakarta.validation-api-3.0.2.jar:/Users/jacksonjosefreireruiz/.m2/repository/com/azure/azure-identity-extensions/1.1.18/azure-identity-extensions-1.1.18.jar:/Users/jacksonjosefreireruiz/.m2/repository/com/azure/azure-identity/1.13.1/azure-identity-1.13.1.jar:/Users/jacksonjosefreireruiz/.m2/repository/com/microsoft/azure/msal4j/1.16.1/msal4j-1.16.1.jar:/Users/jacksonjosefreireruiz/.m2/repository/com/nimbusds/oauth2-oidc-sdk/11.9.1/oauth2-oidc-sdk-11.9.1.jar:/Users/jacksonjosefreireruiz/.m2/repository/com/github/stephenc/jcip/jcip-annotations/1.0-1/jcip-annotations-1.0-1.jar:/Users/jacksonjosefreireruiz/.m2/repository/com/nimbusds/content-type/2.3/content-type-2.3.jar:/Users/jacksonjosefreireruiz/.m2/repository/com/nimbusds/lang-tag/1.7/lang-tag-1.7.jar:/Users/jacksonjosefreireruiz/.m2/repository/com/nimbusds/nimbus-jose-jwt/9.37.3/nimbus-jose-jwt-9.37.3.jar:/Users/jacksonjosefreireruiz/.m2/repository/com/microsoft/azure/msal4j-persistence-extension/1.3.0/msal4j-persistence-extension-1.3.0.jar:/Users/jacksonjosefreireruiz/.m2/repository/net/java/dev/jna/jna/5.13.0/jna-5.13.0.jar:/Users/jacksonjosefreireruiz/.m2/repository/net/java/dev/jna/jna-platform/5.6.0/jna-platform-5.6.0.jar:/Users/jacksonjosefreireruiz/.m2/repository/org/projectlombok/lombok/1.18.34/lombok-1.18.34.jar:/Users/jacksonjosefreireruiz/.m2/repository/org/springframework/boot/spring-boot-starter-test/3.3.2/spring-boot-starter-test-3.3.2.jar:/Users/jacksonjosefreireruiz/.m2/repository/org/springframework/boot/spring-boot-test/3.3.2/spring-boot-test-3.3.2.jar:/Users/jacksonjosefreireruiz/.m2/repository/org/springframework/boot/spring-boot-test-autoconfigure/3.3.2/spring-boot-test-autoconfigure-3.3.2.jar:/Users/jacksonjosefreireruiz/.m2/repository/com/jayway/jsonpath/json-path/2.9.0/json-path-2.9.0.jar:/Users/jacksonjosefreireruiz/.m2/repository/jakarta/xml/bind/jakarta.xml.bind-api/4.0.2/jakarta.xml.bind-api-4.0.2.jar:/Users/jacksonjosefreireruiz/.m2/repository/net/minidev/json-smart/2.5.1/json-smart-2.5.1.jar:/Users/jacksonjosefreireruiz/.m2/repository/net/minidev/accessors-smart/2.5.1/accessors-smart-2.5.1.jar:/Users/jacksonjosefreireruiz/.m2/repository/org/ow2/asm/asm/9.6/asm-9.6.jar:/Users/jacksonjosefreireruiz/.m2/repository/org/assertj/assertj-core/3.25.3/assertj-core-3.25.3.jar:/Users/jacksonjosefreireruiz/.m2/repository/org/awaitility/awaitility/4.2.1/awaitility-4.2.1.jar:/Users/jacksonjosefreireruiz/.m2/repository/org/hamcrest/hamcrest/2.2/hamcrest-2.2.jar:/Users/jacksonjosefreireruiz/.m2/repository/org/junit/jupiter/junit-jupiter/5.10.3/junit-jupiter-5.10.3.jar:/Users/jacksonjosefreireruiz/.m2/repository/org/junit/jupiter/junit-jupiter-api/5.10.3/junit-jupiter-api-5.10.3.jar:/Users/jacksonjosefreireruiz/.m2/repository/org/opentest4j/opentest4j/1.3.0/opentest4j-1.3.0.jar:/Users/jacksonjosefreireruiz/.m2/repository/org/junit/platform/junit-platform-commons/1.10.3/junit-platform-commons-1.10.3.jar:/Users/jacksonjosefreireruiz/.m2/repository/org/apiguardian/apiguardian-api/1.1.2/apiguardian-api-1.1.2.jar:/Users/jacksonjosefreireruiz/.m2/repository/org/junit/jupiter/junit-jupiter-params/5.10.3/junit-jupiter-params-5.10.3.jar:/Users/jacksonjosefreireruiz/.m2/repository/org/junit/jupiter/junit-jupiter-engine/5.10.3/junit-jupiter-engine-5.10.3.jar:/Users/jacksonjosefreireruiz/.m2/repository/org/junit/platform/junit-platform-engine/1.10.3/junit-platform-engine-1.10.3.jar:/Users/jacksonjosefreireruiz/.m2/repository/org/mockito/mockito-core/5.11.0/mockito-core-5.11.0.jar:/Users/jacksonjosefreireruiz/.m2/repository/net/bytebuddy/byte-buddy-agent/1.14.18/byte-buddy-agent-1.14.18.jar:/Users/jacksonjosefreireruiz/.m2/repository/org/objenesis/objenesis/3.3/objenesis-3.3.jar:/Users/jacksonjosefreireruiz/.m2/repository/org/mockito/mockito-junit-jupiter/5.11.0/mockito-junit-jupiter-5.11.0.jar:/Users/jacksonjosefreireruiz/.m2/repository/org/skyscreamer/jsonassert/1.5.3/jsonassert-1.5.3.jar:/Users/jacksonjosefreireruiz/.m2/repository/com/vaadin/external/google/android-json/0.0.20131108.vaadin1/android-json-0.0.20131108.vaadin1.jar:/Users/jacksonjosefreireruiz/.m2/repository/org/springframework/spring-core/6.1.11/spring-core-6.1.11.jar:/Users/jacksonjosefreireruiz/.m2/repository/org/springframework/spring-jcl/6.1.11/spring-jcl-6.1.11.jar:/Users/jacksonjosefreireruiz/.m2/repository/org/springframework/spring-test/6.1.11/spring-test-6.1.11.jar:/Users/jacksonjosefreireruiz/.m2/repository/org/xmlunit/xmlunit-core/2.9.1/xmlunit-core-2.9.1.jar:/Users/jacksonjosefreireruiz/.m2/repository/com/azure/azure-communication-email/1.0.15/azure-communication-email-1.0.15.jar:/Users/jacksonjosefreireruiz/.m2/repository/com/azure/azure-core/1.50.0/azure-core-1.50.0.jar:/Users/jacksonjosefreireruiz/.m2/repository/com/azure/azure-json/1.1.0/azure-json-1.1.0.jar:/Users/jacksonjosefreireruiz/.m2/repository/com/azure/azure-xml/1.0.0/azure-xml-1.0.0.jar:/Users/jacksonjosefreireruiz/.m2/repository/com/fasterxml/jackson/core/jackson-annotations/2.17.2/jackson-annotations-2.17.2.jar:/Users/jacksonjosefreireruiz/.m2/repository/com/fasterxml/jackson/core/jackson-core/2.17.2/jackson-core-2.17.2.jar:/Users/jacksonjosefreireruiz/.m2/repository/io/projectreactor/reactor-core/3.6.8/reactor-core-3.6.8.jar:/Users/jacksonjosefreireruiz/.m2/repository/org/reactivestreams/reactive-streams/1.0.4/reactive-streams-1.0.4.jar:/Users/jacksonjosefreireruiz/.m2/repository/com/azure/azure-core-http-netty/1.15.2/azure-core-http-netty-1.15.2.jar:/Users/jacksonjosefreireruiz/.m2/repository/io/netty/netty-handler/4.1.111.Final/netty-handler-4.1.111.Final.jar:/Users/jacksonjosefreireruiz/.m2/repository/io/netty/netty-resolver/4.1.111.Final/netty-resolver-4.1.111.Final.jar:/Users/jacksonjosefreireruiz/.m2/repository/io/netty/netty-transport/4.1.111.Final/netty-transport-4.1.111.Final.jar:/Users/jacksonjosefreireruiz/.m2/repository/io/netty/netty-handler-proxy/4.1.111.Final/netty-handler-proxy-4.1.111.Final.jar:/Users/jacksonjosefreireruiz/.m2/repository/io/netty/netty-codec-socks/4.1.111.Final/netty-codec-socks-4.1.111.Final.jar:/Users/jacksonjosefreireruiz/.m2/repository/io/netty/netty-buffer/4.1.111.Final/netty-buffer-4.1.111.Final.jar:/Users/jacksonjosefreireruiz/.m2/repository/io/netty/netty-codec/4.1.111.Final/netty-codec-4.1.111.Final.jar:/Users/jacksonjosefreireruiz/.m2/repository/io/netty/netty-codec-http/4.1.111.Final/netty-codec-http-4.1.111.Final.jar:/Users/jacksonjosefreireruiz/.m2/repository/io/netty/netty-codec-http2/4.1.111.Final/netty-codec-http2-4.1.111.Final.jar:/Users/jacksonjosefreireruiz/.m2/repository/io/netty/netty-transport-native-unix-common/4.1.111.Final/netty-transport-native-unix-common-4.1.111.Final.jar:/Users/jacksonjosefreireruiz/.m2/repository/io/netty/netty-transport-native-epoll/4.1.111.Final/netty-transport-native-epoll-4.1.111.Final-linux-x86_64.jar:/Users/jacksonjosefreireruiz/.m2/repository/io/netty/netty-transport-classes-epoll/4.1.111.Final/netty-transport-classes-epoll-4.1.111.Final.jar:/Users/jacksonjosefreireruiz/.m2/repository/io/netty/netty-transport-native-kqueue/4.1.111.Final/netty-transport-native-kqueue-4.1.111.Final-osx-x86_64.jar:/Users/jacksonjosefreireruiz/.m2/repository/io/netty/netty-transport-classes-kqueue/4.1.111.Final/netty-transport-classes-kqueue-4.1.111.Final.jar:/Users/jacksonjosefreireruiz/.m2/repository/io/netty/netty-tcnative-boringssl-static/2.0.65.Final/netty-tcnative-boringssl-static-2.0.65.Final.jar:/Users/jacksonjosefreireruiz/.m2/repository/io/netty/netty-tcnative-classes/2.0.65.Final/netty-tcnative-classes-2.0.65.Final.jar:/Users/jacksonjosefreireruiz/.m2/repository/io/netty/netty-tcnative-boringssl-static/2.0.65.Final/netty-tcnative-boringssl-static-2.0.65.Final-linux-x86_64.jar:/Users/jacksonjosefreireruiz/.m2/repository/io/netty/netty-tcnative-boringssl-static/2.0.65.Final/netty-tcnative-boringssl-static-2.0.65.Final-linux-aarch_64.jar:/Users/jacksonjosefreireruiz/.m2/repository/io/netty/netty-tcnative-boringssl-static/2.0.65.Final/netty-tcnative-boringssl-static-2.0.65.Final-osx-x86_64.jar:/Users/jacksonjosefreireruiz/.m2/repository/io/netty/netty-tcnative-boringssl-static/2.0.65.Final/netty-tcnative-boringssl-static-2.0.65.Final-osx-aarch_64.jar:/Users/jacksonjosefreireruiz/.m2/repository/io/netty/netty-tcnative-boringssl-static/2.0.65.Final/netty-tcnative-boringssl-static-2.0.65.Final-windows-x86_64.jar:/Users/jacksonjosefreireruiz/.m2/repository/io/projectreactor/netty/reactor-netty-http/1.1.21/reactor-netty-http-1.1.21.jar:/Users/jacksonjosefreireruiz/.m2/repository/io/netty/netty-resolver-dns/4.1.111.Final/netty-resolver-dns-4.1.111.Final.jar:/Users/jacksonjosefreireruiz/.m2/repository/io/netty/netty-codec-dns/4.1.111.Final/netty-codec-dns-4.1.111.Final.jar:/Users/jacksonjosefreireruiz/.m2/repository/io/netty/netty-resolver-dns-native-macos/4.1.111.Final/netty-resolver-dns-native-macos-4.1.111.Final-osx-x86_64.jar:/Users/jacksonjosefreireruiz/.m2/repository/io/netty/netty-resolver-dns-classes-macos/4.1.111.Final/netty-resolver-dns-classes-macos-4.1.111.Final.jar:/Users/jacksonjosefreireruiz/.m2/repository/io/projectreactor/netty/reactor-netty-core/1.1.21/reactor-netty-core-1.1.21.jar:/Users/jacksonjosefreireruiz/.m2/repository/io/netty/netty-common/4.1.111.Final/netty-common-4.1.111.Final.jar:/Users/jacksonjosefreireruiz/.m2/repository/com/azure/azure-communication-common/1.3.5/azure-communication-common-1.3.5.jar:"/>
    <property name="java.vm.vendor" value="Eclipse Adoptium"/>
    <property name="sun.arch.data.model" value="64"/>
    <property name="java.vendor.url" value="https://adoptium.net/"/>
    <property name="user.timezone" value="Europe/Rome"/>
    <property name="org.jboss.logging.provider" value="slf4j"/>
    <property name="os.name" value="Mac OS X"/>
    <property name="java.vm.specification.version" value="21"/>
    <property name="sun.java.launcher" value="SUN_STANDARD"/>
    <property name="user.country" value="IT"/>
    <property name="sun.boot.library.path" value="/Applications/SpringToolSuite4.app/Contents/Eclipse/plugins/org.eclipse.justj.openjdk.hotspot.jre.full.macosx.aarch64_21.0.3.v20240426-1530/jre/lib"/>
    <property name="sun.java.command" value="/Users/jacksonjosefreireruiz/Desktop/Arkamedy/ticuvgpro/SBVuetify/spring-boot3-crud-application/target/surefire/surefirebooter-20240812174156897_3.jar /Users/jacksonjosefreireruiz/Desktop/Arkamedy/ticuvgpro/SBVuetify/spring-boot3-crud-application/target/surefire 2024-08-12T17-41-56_858-jvmRun1 surefire-20240812174156897_1tmp surefire_0-20240812174156897_2tmp"/>
    <property name="http.nonProxyHosts" value="local|*.local|169.254/16|*.169.254/16"/>
    <property name="jdk.debug" value="release"/>
    <property name="surefire.test.class.path" value="/Users/jacksonjosefreireruiz/Desktop/Arkamedy/ticuvgpro/SBVuetify/spring-boot3-crud-application/target/test-classes:/Users/jacksonjosefreireruiz/Desktop/Arkamedy/ticuvgpro/SBVuetify/spring-boot3-crud-application/target/classes:/Users/jacksonjosefreireruiz/.m2/repository/org/springframework/boot/spring-boot-starter-web/3.3.2/spring-boot-starter-web-3.3.2.jar:/Users/jacksonjosefreireruiz/.m2/repository/org/springframework/boot/spring-boot-starter/3.3.2/spring-boot-starter-3.3.2.jar:/Users/jacksonjosefreireruiz/.m2/repository/org/springframework/boot/spring-boot/3.3.2/spring-boot-3.3.2.jar:/Users/jacksonjosefreireruiz/.m2/repository/org/springframework/boot/spring-boot-autoconfigure/3.3.2/spring-boot-autoconfigure-3.3.2.jar:/Users/jacksonjosefreireruiz/.m2/repository/org/springframework/boot/spring-boot-starter-logging/3.3.2/spring-boot-starter-logging-3.3.2.jar:/Users/jacksonjosefreireruiz/.m2/repository/ch/qos/logback/logback-classic/1.5.6/logback-classic-1.5.6.jar:/Users/jacksonjosefreireruiz/.m2/repository/ch/qos/logback/logback-core/1.5.6/logback-core-1.5.6.jar:/Users/jacksonjosefreireruiz/.m2/repository/org/apache/logging/log4j/log4j-to-slf4j/2.23.1/log4j-to-slf4j-2.23.1.jar:/Users/jacksonjosefreireruiz/.m2/repository/org/apache/logging/log4j/log4j-api/2.23.1/log4j-api-2.23.1.jar:/Users/jacksonjosefreireruiz/.m2/repository/org/slf4j/jul-to-slf4j/2.0.13/jul-to-slf4j-2.0.13.jar:/Users/jacksonjosefreireruiz/.m2/repository/jakarta/annotation/jakarta.annotation-api/2.1.1/jakarta.annotation-api-2.1.1.jar:/Users/jacksonjosefreireruiz/.m2/repository/org/yaml/snakeyaml/2.2/snakeyaml-2.2.jar:/Users/jacksonjosefreireruiz/.m2/repository/org/springframework/boot/spring-boot-starter-json/3.3.2/spring-boot-starter-json-3.3.2.jar:/Users/jacksonjosefreireruiz/.m2/repository/com/fasterxml/jackson/core/jackson-databind/2.17.2/jackson-databind-2.17.2.jar:/Users/jacksonjosefreireruiz/.m2/repository/com/fasterxml/jackson/datatype/jackson-datatype-jdk8/2.17.2/jackson-datatype-jdk8-2.17.2.jar:/Users/jacksonjosefreireruiz/.m2/repository/com/fasterxml/jackson/datatype/jackson-datatype-jsr310/2.17.2/jackson-datatype-jsr310-2.17.2.jar:/Users/jacksonjosefreireruiz/.m2/repository/com/fasterxml/jackson/module/jackson-module-parameter-names/2.17.2/jackson-module-parameter-names-2.17.2.jar:/Users/jacksonjosefreireruiz/.m2/repository/org/springframework/boot/spring-boot-starter-tomcat/3.3.2/spring-boot-starter-tomcat-3.3.2.jar:/Users/jacksonjosefreireruiz/.m2/repository/org/apache/tomcat/embed/tomcat-embed-core/10.1.26/tomcat-embed-core-10.1.26.jar:/Users/jacksonjosefreireruiz/.m2/repository/org/apache/tomcat/embed/tomcat-embed-el/10.1.26/tomcat-embed-el-10.1.26.jar:/Users/jacksonjosefreireruiz/.m2/repository/org/apache/tomcat/embed/tomcat-embed-websocket/10.1.26/tomcat-embed-websocket-10.1.26.jar:/Users/jacksonjosefreireruiz/.m2/repository/org/springframework/spring-web/6.1.11/spring-web-6.1.11.jar:/Users/jacksonjosefreireruiz/.m2/repository/org/springframework/spring-beans/6.1.11/spring-beans-6.1.11.jar:/Users/jacksonjosefreireruiz/.m2/repository/io/micrometer/micrometer-observation/1.13.2/micrometer-observation-1.13.2.jar:/Users/jacksonjosefreireruiz/.m2/repository/io/micrometer/micrometer-commons/1.13.2/micrometer-commons-1.13.2.jar:/Users/jacksonjosefreireruiz/.m2/repository/org/springframework/spring-webmvc/6.1.11/spring-webmvc-6.1.11.jar:/Users/jacksonjosefreireruiz/.m2/repository/org/springframework/spring-context/6.1.11/spring-context-6.1.11.jar:/Users/jacksonjosefreireruiz/.m2/repository/org/springframework/spring-expression/6.1.11/spring-expression-6.1.11.jar:/Users/jacksonjosefreireruiz/.m2/repository/org/springframework/boot/spring-boot-starter-data-jpa/3.3.2/spring-boot-starter-data-jpa-3.3.2.jar:/Users/jacksonjosefreireruiz/.m2/repository/org/springframework/boot/spring-boot-starter-aop/3.3.2/spring-boot-starter-aop-3.3.2.jar:/Users/jacksonjosefreireruiz/.m2/repository/org/aspectj/aspectjweaver/1.9.22.1/aspectjweaver-1.9.22.1.jar:/Users/jacksonjosefreireruiz/.m2/repository/org/springframework/boot/spring-boot-starter-jdbc/3.3.2/spring-boot-starter-jdbc-3.3.2.jar:/Users/jacksonjosefreireruiz/.m2/repository/com/zaxxer/HikariCP/5.1.0/HikariCP-5.1.0.jar:/Users/jacksonjosefreireruiz/.m2/repository/org/springframework/spring-jdbc/6.1.11/spring-jdbc-6.1.11.jar:/Users/jacksonjosefreireruiz/.m2/repository/org/hibernate/orm/hibernate-core/6.5.2.Final/hibernate-core-6.5.2.Final.jar:/Users/jacksonjosefreireruiz/.m2/repository/jakarta/persistence/jakarta.persistence-api/3.1.0/jakarta.persistence-api-3.1.0.jar:/Users/jacksonjosefreireruiz/.m2/repository/jakarta/transaction/jakarta.transaction-api/2.0.1/jakarta.transaction-api-2.0.1.jar:/Users/jacksonjosefreireruiz/.m2/repository/org/jboss/logging/jboss-logging/3.5.3.Final/jboss-logging-3.5.3.Final.jar:/Users/jacksonjosefreireruiz/.m2/repository/org/hibernate/common/hibernate-commons-annotations/6.0.6.Final/hibernate-commons-annotations-6.0.6.Final.jar:/Users/jacksonjosefreireruiz/.m2/repository/io/smallrye/jandex/3.1.2/jandex-3.1.2.jar:/Users/jacksonjosefreireruiz/.m2/repository/com/fasterxml/classmate/1.7.0/classmate-1.7.0.jar:/Users/jacksonjosefreireruiz/.m2/repository/net/bytebuddy/byte-buddy/1.14.18/byte-buddy-1.14.18.jar:/Users/jacksonjosefreireruiz/.m2/repository/org/glassfish/jaxb/jaxb-runtime/4.0.5/jaxb-runtime-4.0.5.jar:/Users/jacksonjosefreireruiz/.m2/repository/org/glassfish/jaxb/jaxb-core/4.0.5/jaxb-core-4.0.5.jar:/Users/jacksonjosefreireruiz/.m2/repository/org/glassfish/jaxb/txw2/4.0.5/txw2-4.0.5.jar:/Users/jacksonjosefreireruiz/.m2/repository/com/sun/istack/istack-commons-runtime/4.1.2/istack-commons-runtime-4.1.2.jar:/Users/jacksonjosefreireruiz/.m2/repository/jakarta/inject/jakarta.inject-api/2.0.1/jakarta.inject-api-2.0.1.jar:/Users/jacksonjosefreireruiz/.m2/repository/org/antlr/antlr4-runtime/4.13.0/antlr4-runtime-4.13.0.jar:/Users/jacksonjosefreireruiz/.m2/repository/org/springframework/data/spring-data-jpa/3.3.2/spring-data-jpa-3.3.2.jar:/Users/jacksonjosefreireruiz/.m2/repository/org/springframework/data/spring-data-commons/3.3.2/spring-data-commons-3.3.2.jar:/Users/jacksonjosefreireruiz/.m2/repository/org/springframework/spring-orm/6.1.11/spring-orm-6.1.11.jar:/Users/jacksonjosefreireruiz/.m2/repository/org/springframework/spring-tx/6.1.11/spring-tx-6.1.11.jar:/Users/jacksonjosefreireruiz/.m2/repository/org/slf4j/slf4j-api/2.0.13/slf4j-api-2.0.13.jar:/Users/jacksonjosefreireruiz/.m2/repository/org/springframework/spring-aspects/6.1.11/spring-aspects-6.1.11.jar:/Users/jacksonjosefreireruiz/.m2/repository/org/postgresql/postgresql/42.7.3/postgresql-42.7.3.jar:/Users/jacksonjosefreireruiz/.m2/repository/org/checkerframework/checker-qual/3.42.0/checker-qual-3.42.0.jar:/Users/jacksonjosefreireruiz/.m2/repository/org/springframework/boot/spring-boot-starter-security/3.3.2/spring-boot-starter-security-3.3.2.jar:/Users/jacksonjosefreireruiz/.m2/repository/org/springframework/spring-aop/6.1.11/spring-aop-6.1.11.jar:/Users/jacksonjosefreireruiz/.m2/repository/org/springframework/security/spring-security-config/6.3.1/spring-security-config-6.3.1.jar:/Users/jacksonjosefreireruiz/.m2/repository/org/springframework/security/spring-security-core/6.3.1/spring-security-core-6.3.1.jar:/Users/jacksonjosefreireruiz/.m2/repository/org/springframework/security/spring-security-crypto/6.3.1/spring-security-crypto-6.3.1.jar:/Users/jacksonjosefreireruiz/.m2/repository/org/springframework/security/spring-security-web/6.3.1/spring-security-web-6.3.1.jar:/Users/jacksonjosefreireruiz/.m2/repository/org/springframework/boot/spring-boot-starter-mail/3.3.2/spring-boot-starter-mail-3.3.2.jar:/Users/jacksonjosefreireruiz/.m2/repository/org/springframework/spring-context-support/6.1.11/spring-context-support-6.1.11.jar:/Users/jacksonjosefreireruiz/.m2/repository/org/eclipse/angus/jakarta.mail/2.0.3/jakarta.mail-2.0.3.jar:/Users/jacksonjosefreireruiz/.m2/repository/jakarta/activation/jakarta.activation-api/2.1.3/jakarta.activation-api-2.1.3.jar:/Users/jacksonjosefreireruiz/.m2/repository/org/eclipse/angus/angus-activation/2.0.2/angus-activation-2.0.2.jar:/Users/jacksonjosefreireruiz/.m2/repository/com/azure/spring/spring-cloud-azure-starter-jdbc-postgresql/5.15.0/spring-cloud-azure-starter-jdbc-postgresql-5.15.0.jar:/Users/jacksonjosefreireruiz/.m2/repository/com/azure/spring/spring-cloud-azure-starter/5.15.0/spring-cloud-azure-starter-5.15.0.jar:/Users/jacksonjosefreireruiz/.m2/repository/com/azure/spring/spring-cloud-azure-autoconfigure/5.15.0/spring-cloud-azure-autoconfigure-5.15.0.jar:/Users/jacksonjosefreireruiz/.m2/repository/com/azure/spring/spring-cloud-azure-service/5.15.0/spring-cloud-azure-service-5.15.0.jar:/Users/jacksonjosefreireruiz/.m2/repository/com/azure/spring/spring-cloud-azure-core/5.15.0/spring-cloud-azure-core-5.15.0.jar:/Users/jacksonjosefreireruiz/.m2/repository/com/azure/azure-core-amqp/2.9.7/azure-core-amqp-2.9.7.jar:/Users/jacksonjosefreireruiz/.m2/repository/com/microsoft/azure/qpid-proton-j-extensions/1.2.5/qpid-proton-j-extensions-1.2.5.jar:/Users/jacksonjosefreireruiz/.m2/repository/org/apache/qpid/proton-j/0.34.1/proton-j-0.34.1.jar:/Users/jacksonjosefreireruiz/.m2/repository/com/azure/azure-core-management/1.15.1/azure-core-management-1.15.1.jar:/Users/jacksonjosefreireruiz/.m2/repository/jakarta/validation/jakarta.validation-api/3.0.2/jakarta.validation-api-3.0.2.jar:/Users/jacksonjosefreireruiz/.m2/repository/com/azure/azure-identity-extensions/1.1.18/azure-identity-extensions-1.1.18.jar:/Users/jacksonjosefreireruiz/.m2/repository/com/azure/azure-identity/1.13.1/azure-identity-1.13.1.jar:/Users/jacksonjosefreireruiz/.m2/repository/com/microsoft/azure/msal4j/1.16.1/msal4j-1.16.1.jar:/Users/jacksonjosefreireruiz/.m2/repository/com/nimbusds/oauth2-oidc-sdk/11.9.1/oauth2-oidc-sdk-11.9.1.jar:/Users/jacksonjosefreireruiz/.m2/repository/com/github/stephenc/jcip/jcip-annotations/1.0-1/jcip-annotations-1.0-1.jar:/Users/jacksonjosefreireruiz/.m2/repository/com/nimbusds/content-type/2.3/content-type-2.3.jar:/Users/jacksonjosefreireruiz/.m2/repository/com/nimbusds/lang-tag/1.7/lang-tag-1.7.jar:/Users/jacksonjosefreireruiz/.m2/repository/com/nimbusds/nimbus-jose-jwt/9.37.3/nimbus-jose-jwt-9.37.3.jar:/Users/jacksonjosefreireruiz/.m2/repository/com/microsoft/azure/msal4j-persistence-extension/1.3.0/msal4j-persistence-extension-1.3.0.jar:/Users/jacksonjosefreireruiz/.m2/repository/net/java/dev/jna/jna/5.13.0/jna-5.13.0.jar:/Users/jacksonjosefreireruiz/.m2/repository/net/java/dev/jna/jna-platform/5.6.0/jna-platform-5.6.0.jar:/Users/jacksonjosefreireruiz/.m2/repository/org/projectlombok/lombok/1.18.34/lombok-1.18.34.jar:/Users/jacksonjosefreireruiz/.m2/repository/org/springframework/boot/spring-boot-starter-test/3.3.2/spring-boot-starter-test-3.3.2.jar:/Users/jacksonjosefreireruiz/.m2/repository/org/springframework/boot/spring-boot-test/3.3.2/spring-boot-test-3.3.2.jar:/Users/jacksonjosefreireruiz/.m2/repository/org/springframework/boot/spring-boot-test-autoconfigure/3.3.2/spring-boot-test-autoconfigure-3.3.2.jar:/Users/jacksonjosefreireruiz/.m2/repository/com/jayway/jsonpath/json-path/2.9.0/json-path-2.9.0.jar:/Users/jacksonjosefreireruiz/.m2/repository/jakarta/xml/bind/jakarta.xml.bind-api/4.0.2/jakarta.xml.bind-api-4.0.2.jar:/Users/jacksonjosefreireruiz/.m2/repository/net/minidev/json-smart/2.5.1/json-smart-2.5.1.jar:/Users/jacksonjosefreireruiz/.m2/repository/net/minidev/accessors-smart/2.5.1/accessors-smart-2.5.1.jar:/Users/jacksonjosefreireruiz/.m2/repository/org/ow2/asm/asm/9.6/asm-9.6.jar:/Users/jacksonjosefreireruiz/.m2/repository/org/assertj/assertj-core/3.25.3/assertj-core-3.25.3.jar:/Users/jacksonjosefreireruiz/.m2/repository/org/awaitility/awaitility/4.2.1/awaitility-4.2.1.jar:/Users/jacksonjosefreireruiz/.m2/repository/org/hamcrest/hamcrest/2.2/hamcrest-2.2.jar:/Users/jacksonjosefreireruiz/.m2/repository/org/junit/jupiter/junit-jupiter/5.10.3/junit-jupiter-5.10.3.jar:/Users/jacksonjosefreireruiz/.m2/repository/org/junit/jupiter/junit-jupiter-api/5.10.3/junit-jupiter-api-5.10.3.jar:/Users/jacksonjosefreireruiz/.m2/repository/org/opentest4j/opentest4j/1.3.0/opentest4j-1.3.0.jar:/Users/jacksonjosefreireruiz/.m2/repository/org/junit/platform/junit-platform-commons/1.10.3/junit-platform-commons-1.10.3.jar:/Users/jacksonjosefreireruiz/.m2/repository/org/apiguardian/apiguardian-api/1.1.2/apiguardian-api-1.1.2.jar:/Users/jacksonjosefreireruiz/.m2/repository/org/junit/jupiter/junit-jupiter-params/5.10.3/junit-jupiter-params-5.10.3.jar:/Users/jacksonjosefreireruiz/.m2/repository/org/junit/jupiter/junit-jupiter-engine/5.10.3/junit-jupiter-engine-5.10.3.jar:/Users/jacksonjosefreireruiz/.m2/repository/org/junit/platform/junit-platform-engine/1.10.3/junit-platform-engine-1.10.3.jar:/Users/jacksonjosefreireruiz/.m2/repository/org/mockito/mockito-core/5.11.0/mockito-core-5.11.0.jar:/Users/jacksonjosefreireruiz/.m2/repository/net/bytebuddy/byte-buddy-agent/1.14.18/byte-buddy-agent-1.14.18.jar:/Users/jacksonjosefreireruiz/.m2/repository/org/objenesis/objenesis/3.3/objenesis-3.3.jar:/Users/jacksonjosefreireruiz/.m2/repository/org/mockito/mockito-junit-jupiter/5.11.0/mockito-junit-jupiter-5.11.0.jar:/Users/jacksonjosefreireruiz/.m2/repository/org/skyscreamer/jsonassert/1.5.3/jsonassert-1.5.3.jar:/Users/jacksonjosefreireruiz/.m2/repository/com/vaadin/external/google/android-json/0.0.20131108.vaadin1/android-json-0.0.20131108.vaadin1.jar:/Users/jacksonjosefreireruiz/.m2/repository/org/springframework/spring-core/6.1.11/spring-core-6.1.11.jar:/Users/jacksonjosefreireruiz/.m2/repository/org/springframework/spring-jcl/6.1.11/spring-jcl-6.1.11.jar:/Users/jacksonjosefreireruiz/.m2/repository/org/springframework/spring-test/6.1.11/spring-test-6.1.11.jar:/Users/jacksonjosefreireruiz/.m2/repository/org/xmlunit/xmlunit-core/2.9.1/xmlunit-core-2.9.1.jar:/Users/jacksonjosefreireruiz/.m2/repository/com/azure/azure-communication-email/1.0.15/azure-communication-email-1.0.15.jar:/Users/jacksonjosefreireruiz/.m2/repository/com/azure/azure-core/1.50.0/azure-core-1.50.0.jar:/Users/jacksonjosefreireruiz/.m2/repository/com/azure/azure-json/1.1.0/azure-json-1.1.0.jar:/Users/jacksonjosefreireruiz/.m2/repository/com/azure/azure-xml/1.0.0/azure-xml-1.0.0.jar:/Users/jacksonjosefreireruiz/.m2/repository/com/fasterxml/jackson/core/jackson-annotations/2.17.2/jackson-annotations-2.17.2.jar:/Users/jacksonjosefreireruiz/.m2/repository/com/fasterxml/jackson/core/jackson-core/2.17.2/jackson-core-2.17.2.jar:/Users/jacksonjosefreireruiz/.m2/repository/io/projectreactor/reactor-core/3.6.8/reactor-core-3.6.8.jar:/Users/jacksonjosefreireruiz/.m2/repository/org/reactivestreams/reactive-streams/1.0.4/reactive-streams-1.0.4.jar:/Users/jacksonjosefreireruiz/.m2/repository/com/azure/azure-core-http-netty/1.15.2/azure-core-http-netty-1.15.2.jar:/Users/jacksonjosefreireruiz/.m2/repository/io/netty/netty-handler/4.1.111.Final/netty-handler-4.1.111.Final.jar:/Users/jacksonjosefreireruiz/.m2/repository/io/netty/netty-resolver/4.1.111.Final/netty-resolver-4.1.111.Final.jar:/Users/jacksonjosefreireruiz/.m2/repository/io/netty/netty-transport/4.1.111.Final/netty-transport-4.1.111.Final.jar:/Users/jacksonjosefreireruiz/.m2/repository/io/netty/netty-handler-proxy/4.1.111.Final/netty-handler-proxy-4.1.111.Final.jar:/Users/jacksonjosefreireruiz/.m2/repository/io/netty/netty-codec-socks/4.1.111.Final/netty-codec-socks-4.1.111.Final.jar:/Users/jacksonjosefreireruiz/.m2/repository/io/netty/netty-buffer/4.1.111.Final/netty-buffer-4.1.111.Final.jar:/Users/jacksonjosefreireruiz/.m2/repository/io/netty/netty-codec/4.1.111.Final/netty-codec-4.1.111.Final.jar:/Users/jacksonjosefreireruiz/.m2/repository/io/netty/netty-codec-http/4.1.111.Final/netty-codec-http-4.1.111.Final.jar:/Users/jacksonjosefreireruiz/.m2/repository/io/netty/netty-codec-http2/4.1.111.Final/netty-codec-http2-4.1.111.Final.jar:/Users/jacksonjosefreireruiz/.m2/repository/io/netty/netty-transport-native-unix-common/4.1.111.Final/netty-transport-native-unix-common-4.1.111.Final.jar:/Users/jacksonjosefreireruiz/.m2/repository/io/netty/netty-transport-native-epoll/4.1.111.Final/netty-transport-native-epoll-4.1.111.Final-linux-x86_64.jar:/Users/jacksonjosefreireruiz/.m2/repository/io/netty/netty-transport-classes-epoll/4.1.111.Final/netty-transport-classes-epoll-4.1.111.Final.jar:/Users/jacksonjosefreireruiz/.m2/repository/io/netty/netty-transport-native-kqueue/4.1.111.Final/netty-transport-native-kqueue-4.1.111.Final-osx-x86_64.jar:/Users/jacksonjosefreireruiz/.m2/repository/io/netty/netty-transport-classes-kqueue/4.1.111.Final/netty-transport-classes-kqueue-4.1.111.Final.jar:/Users/jacksonjosefreireruiz/.m2/repository/io/netty/netty-tcnative-boringssl-static/2.0.65.Final/netty-tcnative-boringssl-static-2.0.65.Final.jar:/Users/jacksonjosefreireruiz/.m2/repository/io/netty/netty-tcnative-classes/2.0.65.Final/netty-tcnative-classes-2.0.65.Final.jar:/Users/jacksonjosefreireruiz/.m2/repository/io/netty/netty-tcnative-boringssl-static/2.0.65.Final/netty-tcnative-boringssl-static-2.0.65.Final-linux-x86_64.jar:/Users/jacksonjosefreireruiz/.m2/repository/io/netty/netty-tcnative-boringssl-static/2.0.65.Final/netty-tcnative-boringssl-static-2.0.65.Final-linux-aarch_64.jar:/Users/jacksonjosefreireruiz/.m2/repository/io/netty/netty-tcnative-boringssl-static/2.0.65.Final/netty-tcnative-boringssl-static-2.0.65.Final-osx-x86_64.jar:/Users/jacksonjosefreireruiz/.m2/repository/io/netty/netty-tcnative-boringssl-static/2.0.65.Final/netty-tcnative-boringssl-static-2.0.65.Final-osx-aarch_64.jar:/Users/jacksonjosefreireruiz/.m2/repository/io/netty/netty-tcnative-boringssl-static/2.0.65.Final/netty-tcnative-boringssl-static-2.0.65.Final-windows-x86_64.jar:/Users/jacksonjosefreireruiz/.m2/repository/io/projectreactor/netty/reactor-netty-http/1.1.21/reactor-netty-http-1.1.21.jar:/Users/jacksonjosefreireruiz/.m2/repository/io/netty/netty-resolver-dns/4.1.111.Final/netty-resolver-dns-4.1.111.Final.jar:/Users/jacksonjosefreireruiz/.m2/repository/io/netty/netty-codec-dns/4.1.111.Final/netty-codec-dns-4.1.111.Final.jar:/Users/jacksonjosefreireruiz/.m2/repository/io/netty/netty-resolver-dns-native-macos/4.1.111.Final/netty-resolver-dns-native-macos-4.1.111.Final-osx-x86_64.jar:/Users/jacksonjosefreireruiz/.m2/repository/io/netty/netty-resolver-dns-classes-macos/4.1.111.Final/netty-resolver-dns-classes-macos-4.1.111.Final.jar:/Users/jacksonjosefreireruiz/.m2/repository/io/projectreactor/netty/reactor-netty-core/1.1.21/reactor-netty-core-1.1.21.jar:/Users/jacksonjosefreireruiz/.m2/repository/io/netty/netty-common/4.1.111.Final/netty-common-4.1.111.Final.jar:/Users/jacksonjosefreireruiz/.m2/repository/com/azure/azure-communication-common/1.3.5/azure-communication-common-1.3.5.jar:"/>
    <property name="sun.cpu.endian" value="little"/>
    <property name="user.home" value="/Users/jacksonjosefreireruiz"/>
    <property name="user.language" value="en"/>
    <property name="java.specification.vendor" value="Oracle Corporation"/>
    <property name="java.version.date" value="2024-04-16"/>
    <property name="java.home" value="/Applications/SpringToolSuite4.app/Contents/Eclipse/plugins/org.eclipse.justj.openjdk.hotspot.jre.full.macosx.aarch64_21.0.3.v20240426-1530/jre"/>
    <property name="file.separator" value="/"/>
    <property name="basedir" value="/Users/jacksonjosefreireruiz/Desktop/Arkamedy/ticuvgpro/SBVuetify/spring-boot3-crud-application"/>
    <property name="style.color" value="always"/>
    <property name="java.vm.compressedOopsMode" value="Zero based"/>
    <property name="line.separator" value="&#10;"/>
    <property name="java.vm.specification.vendor" value="Oracle Corporation"/>
    <property name="java.specification.name" value="Java Platform API Specification"/>
    <property name="FILE_LOG_CHARSET" value="UTF-8"/>
    <property name="java.awt.headless" value="true"/>
    <property name="apple.awt.application.name" value="ForkedBooter"/>
    <property name="surefire.real.class.path" value="/Users/jacksonjosefreireruiz/Desktop/Arkamedy/ticuvgpro/SBVuetify/spring-boot3-crud-application/target/surefire/surefirebooter-20240812174156897_3.jar"/>
    <property name="sun.management.compiler" value="HotSpot 64-Bit Tiered Compilers"/>
    <property name="ftp.nonProxyHosts" value="local|*.local|169.254/16|*.169.254/16"/>
    <property name="java.runtime.version" value="21.0.3+9-LTS"/>
    <property name="user.name" value="jacksonjosefreireruiz"/>
    <property name="stdout.encoding" value="UTF-8"/>
    <property name="path.separator" value=":"/>
    <property name="os.version" value="14.5"/>
    <property name="java.runtime.name" value="OpenJDK Runtime Environment"/>
    <property name="file.encoding" value="UTF-8"/>
    <property name="java.vm.name" value="OpenJDK 64-Bit Server VM"/>
    <property name="java.vendor.version" value="Temurin-21.0.3+9"/>
    <property name="localRepository" value="/Users/jacksonjosefreireruiz/.m2/repository"/>
    <property name="java.vendor.url.bug" value="https://github.com/adoptium/adoptium-support/issues"/>
    <property name="java.io.tmpdir" value="/var/folders/57/jdp_dcx575sfyhs1s8m6m3gc0000gn/T/"/>
    <property name="com.zaxxer.hikari.pool_number" value="1"/>
    <property name="java.version" value="21.0.3"/>
    <property name="user.dir" value="/Users/jacksonjosefreireruiz/Desktop/Arkamedy/ticuvgpro/SBVuetify/spring-boot3-crud-application"/>
    <property name="os.arch" value="aarch64"/>
    <property name="java.vm.specification.name" value="Java Virtual Machine Specification"/>
    <property name="PID" value="4897"/>
    <property name="CONSOLE_LOG_CHARSET" value="UTF-8"/>
    <property name="native.encoding" value="UTF-8"/>
    <property name="java.library.path" value="/Users/jacksonjosefreireruiz/Library/Java/Extensions:/Library/Java/Extensions:/Network/Library/Java/Extensions:/System/Library/Java/Extensions:/usr/lib/java:."/>
    <property name="java.vm.info" value="mixed mode"/>
    <property name="stderr.encoding" value="UTF-8"/>
    <property name="java.vendor" value="Eclipse Adoptium"/>
    <property name="java.vm.version" value="21.0.3+9-LTS"/>
    <property name="sun.io.unicode.encoding" value="UnicodeBig"/>
    <property name="socksNonProxyHosts" value="local|*.local|169.254/16|*.169.254/16"/>
    <property name="java.class.version" value="65.0"/>
  </properties>
  <testcase name="contextLoads" classname="com.uvg.digital.UvgApplicationTests" time="0.331">
    <system-out><![CDATA[17:41:57.319 [main] INFO org.springframework.test.context.support.AnnotationConfigContextLoaderUtils -- Could not detect default configuration classes for test class [com.uvg.digital.UvgApplicationTests]: UvgApplicationTests does not declare any static, non-private, non-final, nested classes annotated with @Configuration.
17:41:57.355 [main] INFO org.springframework.boot.test.context.SpringBootTestContextBootstrapper -- Found @SpringBootConfiguration com.uvg.digital.UvgApplication for test class com.uvg.digital.UvgApplicationTests

  .   ____          _            __ _ _
 /\\ / ___'_ __ _ _(_)_ __  __ _ \ \ \ \
( ( )\___ | '_ | '_| | '_ \/ _` | \ \ \ \
 \\/  ___)| |_)| | | | | || (_| |  ) ) ) )
  '  |____| .__|_| |_|_| |_\__, | / / / /
 =========|_|==============|___/=/_/_/_/

 :: Spring Boot ::                (v3.3.2)

2024-08-12T17:41:57.507+02:00  INFO 4897 --- [           main] com.uvg.digital.UvgApplicationTests      : Starting UvgApplicationTests using Java 21.0.3 with PID 4897 (started by jacksonjosefreireruiz in /Users/jacksonjosefreireruiz/Desktop/Arkamedy/ticuvgpro/SBVuetify/spring-boot3-crud-application)
2024-08-12T17:41:57.508+02:00  INFO 4897 --- [           main] com.uvg.digital.UvgApplicationTests      : No active profile set, falling back to 1 default profile: "default"
2024-08-12T17:41:57.769+02:00  INFO 4897 --- [           main] .s.d.r.c.RepositoryConfigurationDelegate : Bootstrapping Spring Data JPA repositories in DEFAULT mode.
2024-08-12T17:41:57.824+02:00  INFO 4897 --- [           main] .s.d.r.c.RepositoryConfigurationDelegate : Finished Spring Data repository scanning in 52 ms. Found 1 JPA repository interface.
2024-08-12T17:41:57.943+02:00  WARN 4897 --- [           main] trationDelegate$BeanPostProcessorChecker : Bean 'com.azure.spring.cloud.autoconfigure.implementation.jdbc.AzureJdbcAutoConfiguration' of type [com.azure.spring.cloud.autoconfigure.implementation.jdbc.AzureJdbcAutoConfiguration] is not eligible for getting processed by all BeanPostProcessors (for example: not eligible for auto-proxying). Is this bean getting eagerly injected into a currently created BeanPostProcessor []? Check the corresponding BeanPostProcessor declaration and its dependencies.
2024-08-12T17:41:57.945+02:00  WARN 4897 --- [           main] trationDelegate$BeanPostProcessorChecker : Bean 'springTokenCredentialProviderContextProvider' of type [com.azure.spring.cloud.autoconfigure.implementation.jdbc.SpringTokenCredentialProviderContextProvider] is not eligible for getting processed by all BeanPostProcessors (for example: not eligible for auto-proxying). Is this bean getting eagerly injected into a currently created BeanPostProcessor []? Check the corresponding BeanPostProcessor declaration and its dependencies.
2024-08-12T17:41:58.010+02:00  INFO 4897 --- [           main] o.hibernate.jpa.internal.util.LogHelper  : HHH000204: Processing PersistenceUnitInfo [name: default]
2024-08-12T17:41:58.030+02:00  INFO 4897 --- [           main] org.hibernate.Version                    : HHH000412: Hibernate ORM core version 6.5.2.Final
2024-08-12T17:41:58.043+02:00  INFO 4897 --- [           main] o.h.c.internal.RegionFactoryInitiator    : HHH000026: Second-level cache disabled
2024-08-12T17:41:58.154+02:00  INFO 4897 --- [           main] o.s.o.j.p.SpringPersistenceUnitInfo      : No LoadTimeWeaver setup: ignoring JPA class transformer
2024-08-12T17:41:58.163+02:00  INFO 4897 --- [           main] com.zaxxer.hikari.HikariDataSource       : HikariPool-1 - Starting...
2024-08-12T17:41:59.450+02:00  INFO 4897 --- [           main] com.zaxxer.hikari.pool.HikariPool        : HikariPool-1 - Added connection org.postgresql.jdbc.PgConnection@24f90aff
2024-08-12T17:41:59.452+02:00  INFO 4897 --- [           main] com.zaxxer.hikari.HikariDataSource       : HikariPool-1 - Start completed.
2024-08-12T17:41:59.588+02:00  WARN 4897 --- [           main] org.hibernate.orm.deprecation            : HHH90000025: PostgreSQLDialect does not need to be specified explicitly using 'hibernate.dialect' (remove the property setting and it will be selected by default)
2024-08-12T17:42:00.116+02:00  INFO 4897 --- [           main] o.h.e.t.j.p.i.JtaPlatformInitiator       : HHH000489: No JTA platform available (set 'hibernate.transaction.jta.platform' to enable JTA platform integration)
2024-08-12T17:42:00.117+02:00  INFO 4897 --- [           main] j.LocalContainerEntityManagerFactoryBean : Initialized JPA EntityManagerFactory for persistence unit 'default'
2024-08-12T17:42:00.276+02:00  INFO 4897 --- [           main] c.a.c.h.n.implementation.NettyUtility    : {"az.sdk.message":"The following Netty versions were found on the classpath and have a mismatch with the versions used by azure-core-http-netty. If your application runs without issue this message can be ignored, otherwise please align the Netty versions used in your application. For more information, see https://aka.ms/azsdk/java/dependency/troubleshoot.","azure-netty-version":"4.1.110.Final","azure-netty-native-version":"2.0.65.Final","classpath-netty-version-io.netty:netty-common":"4.1.111.Final","classpath-netty-version-io.netty:netty-handler":"4.1.111.Final","classpath-netty-version-io.netty:netty-handler-proxy":"4.1.111.Final","classpath-netty-version-io.netty:netty-buffer":"4.1.111.Final","classpath-netty-version-io.netty:netty-codec":"4.1.111.Final","classpath-netty-version-io.netty:netty-codec-http":"4.1.111.Final","classpath-netty-version-io.netty:netty-codec-http2":"4.1.111.Final","classpath-netty-version-io.netty:netty-transport-native-unix-common":"4.1.111.Final","classpath-netty-version-io.netty:netty-transport-native-epoll":"4.1.111.Final","classpath-netty-version-io.netty:netty-transport-native-kqueue":"4.1.111.Final","classpath-native-netty-version-io.netty:netty-tcnative-boringssl-static":"2.0.65.Final"}
2024-08-12T17:42:00.333+02:00  WARN 4897 --- [           main] JpaBaseConfiguration$JpaWebConfiguration : spring.jpa.open-in-view is enabled by default. Therefore, database queries may be performed during view rendering. Explicitly configure spring.jpa.open-in-view to disable this warning
2024-08-12T17:42:00.345+02:00  WARN 4897 --- [           main] .s.s.UserDetailsServiceAutoConfiguration : 

Using generated security password: 5fc3420b-c34a-492a-81cf-f00c6d846eee

This generated password is for development use only. Your security configuration must be updated before running your application in production.

2024-08-12T17:42:00.347+02:00  INFO 4897 --- [           main] r$InitializeUserDetailsManagerConfigurer : Global AuthenticationManager configured with UserDetailsService bean with name inMemoryUserDetailsManager
2024-08-12T17:42:00.569+02:00  INFO 4897 --- [           main] AbstractAzureServiceClientBuilderFactory : Will configure the default credential of type DefaultAzureCredential for class com.azure.identity.DefaultAzureCredentialBuilder.
2024-08-12T17:42:00.612+02:00  INFO 4897 --- [           main] com.uvg.digital.UvgApplicationTests      : Started UvgApplicationTests in 3.205 seconds (process running for 3.675)
]]></system-out>
    <system-err><![CDATA[WARNING: A Java agent has been loaded dynamically (/Users/jacksonjosefreireruiz/.m2/repository/net/bytebuddy/byte-buddy-agent/1.14.18/byte-buddy-agent-1.14.18.jar)
WARNING: If a serviceability tool is in use, please run with -XX:+EnableDynamicAgentLoading to hide this warning
WARNING: If a serviceability tool is not in use, please run with -Djdk.instrument.traceUsage for more information
WARNING: Dynamic loading of agents will be disallowed by default in a future release
]]></system-err>
  </testcase>
</testsuite>